  [1m[35m (3.1ms)[0m  [1m[34mSELECT sqlite_version(*)[0m
  [1m[35m (2.8ms)[0m  [1m[35mCREATE TABLE "schema_migrations" ("version" varchar NOT NULL PRIMARY KEY)[0m
  [1m[35m (1.7ms)[0m  [1m[35mCREATE TABLE "ar_internal_metadata" ("key" varchar NOT NULL PRIMARY KEY, "value" varchar, "created_at" datetime(6) NOT NULL, "updated_at" datetime(6) NOT NULL)[0m
  [1m[35m (0.2ms)[0m  [1m[34mSELECT "schema_migrations"."version" FROM "schema_migrations" ORDER BY "schema_migrations"."version" ASC[0m
Migrating to CreateCards (20210412015707)
  [1m[36mTRANSACTION (0.2ms)[0m  [1m[36mbegin transaction[0m
  [1m[35m (1.8ms)[0m  [1m[35mCREATE TABLE "cards" ("id" integer PRIMARY KEY AUTOINCREMENT NOT NULL, "name" varchar, "quantity" integer, "card_type" varchar, "image" varchar, "created_at" datetime(6) NOT NULL, "updated_at" datetime(6) NOT NULL)[0m
  [1m[36mActiveRecord::SchemaMigration Create (0.3ms)[0m  [1m[32mINSERT INTO "schema_migrations" ("version") VALUES (?)[0m  [["version", "20210412015707"]]
  [1m[36mTRANSACTION (2.4ms)[0m  [1m[36mcommit transaction[0m
  [1m[36mActiveRecord::InternalMetadata Load (0.3ms)[0m  [1m[34mSELECT "ar_internal_metadata".* FROM "ar_internal_metadata" WHERE "ar_internal_metadata"."key" = ? LIMIT ?[0m  [["key", "environment"], ["LIMIT", 1]]
  [1m[36mTRANSACTION (0.1ms)[0m  [1m[36mbegin transaction[0m
  [1m[36mActiveRecord::InternalMetadata Create (0.6ms)[0m  [1m[32mINSERT INTO "ar_internal_metadata" ("key", "value", "created_at", "updated_at") VALUES (?, ?, ?, ?)[0m  [["key", "environment"], ["value", "development"], ["created_at", "2021-04-12 02:03:03.323951"], ["updated_at", "2021-04-12 02:03:03.323951"]]
  [1m[36mTRANSACTION (1.0ms)[0m  [1m[36mcommit transaction[0m
  [1m[35m (0.1ms)[0m  [1m[34mSELECT sqlite_version(*)[0m
  [1m[35m (0.2ms)[0m  [1m[34mSELECT "schema_migrations"."version" FROM "schema_migrations" ORDER BY "schema_migrations"."version" ASC[0m
  [1m[35m (0.5ms)[0m  [1m[34mSELECT sqlite_version(*)[0m
  [1m[35m (0.2ms)[0m  [1m[34mSELECT "schema_migrations"."version" FROM "schema_migrations" ORDER BY "schema_migrations"."version" ASC[0m
  [1m[35m (0.1ms)[0m  [1m[34mSELECT sqlite_version(*)[0m
  [1m[36mCard Load (1.3ms)[0m  [1m[34mSELECT "cards".* FROM "cards"[0m
  [1m[36mTRANSACTION (0.4ms)[0m  [1m[36mbegin transaction[0m
  [1m[36mCard Create (1.7ms)[0m  [1m[32mINSERT INTO "cards" ("name", "quantity", "card_type", "image", "created_at", "updated_at") VALUES (?, ?, ?, ?, ?, ?)[0m  [["name", "Big Card"], ["quantity", 4], ["card_type", "trainer"], ["image", "https://i.ebayimg.com/images/g/xqcAAOSwjQRfpJet/s-l500.jpg"], ["created_at", "2021-04-12 02:03:17.400523"], ["updated_at", "2021-04-12 02:03:17.400523"]]
  [1m[36mTRANSACTION (1.2ms)[0m  [1m[36mcommit transaction[0m
  [1m[36mTRANSACTION (0.2ms)[0m  [1m[36mbegin transaction[0m
  [1m[36mCard Create (1.1ms)[0m  [1m[32mINSERT INTO "cards" ("name", "quantity", "card_type", "image", "created_at", "updated_at") VALUES (?, ?, ?, ?, ?, ?)[0m  [["name", "Bigger Card"], ["quantity", 4], ["card_type", "support"], ["image", "https://img.redbull.com/images/c_crop,x_0,y_0,h_500,w_400/c_fill,w_860,h_1075/q_auto,f_auto/redbullcom/2017/10/20/6d662536-3fed-4236-8db7-14c16d08e5c0/shiny-gyarados-pokemon-trading-card-game"], ["created_at", "2021-04-12 02:03:17.415626"], ["updated_at", "2021-04-12 02:03:17.415626"]]
  [1m[36mTRANSACTION (1.2ms)[0m  [1m[36mcommit transaction[0m
  [1m[36mTRANSACTION (0.2ms)[0m  [1m[36mbegin transaction[0m
  [1m[36mCard Create (2.7ms)[0m  [1m[32mINSERT INTO "cards" ("name", "quantity", "card_type", "image", "created_at", "updated_at") VALUES (?, ?, ?, ?, ?, ?)[0m  [["name", "Biggest Card"], ["quantity", 4], ["card_type", "trainer"], ["image", "https://static.wikia.nocookie.net/cardfight/images/b/b8/G-TD12-003EN.png/revision/latest?cb=20170214151038"], ["created_at", "2021-04-12 02:03:17.425907"], ["updated_at", "2021-04-12 02:03:17.425907"]]
  [1m[36mTRANSACTION (1.1ms)[0m  [1m[36mcommit transaction[0m
Started GET "/" for ::1 at 2021-04-11 21:03:41 -0500
  [1m[35m (2.7ms)[0m  [1m[34mSELECT sqlite_version(*)[0m
  [1m[35m (4.3ms)[0m  [1m[34mSELECT "schema_migrations"."version" FROM "schema_migrations" ORDER BY "schema_migrations"."version" ASC[0m
Processing by Rails::WelcomeController#index as HTML
  Rendering /Users/teodorogarcia/.rvm/gems/ruby-2.6.1/gems/railties-6.1.3.1/lib/rails/templates/rails/welcome/index.html.erb
  Rendered /Users/teodorogarcia/.rvm/gems/ruby-2.6.1/gems/railties-6.1.3.1/lib/rails/templates/rails/welcome/index.html.erb (Duration: 33.5ms | Allocations: 480)
Completed 200 OK in 215ms (Views: 77.3ms | ActiveRecord: 0.0ms | Allocations: 4150)


Started GET "/cards" for ::1 at 2021-04-11 21:03:48 -0500
Processing by CardsController#index as HTML
  [1m[36mCard Load (0.9ms)[0m  [1m[34mSELECT "cards".* FROM "cards"[0m
  ↳ app/controllers/cards_controller.rb:8:in `index'
Completed 200 OK in 68ms (Views: 57.5ms | ActiveRecord: 2.4ms | Allocations: 5824)


